<?xml version="1.0" encoding="UTF-8"?>
<testsuite xmlns:xsi="http://www.w3.org/2001/XMLSchema-instance" xsi:noNamespaceSchemaLocation="https://maven.apache.org/surefire/maven-surefire-plugin/xsd/surefire-test-report-3.0.xsd" version="3.0" name="com.fabian.AppTest" time="0.029" tests="1" errors="0" skipped="0" failures="0">
  <properties>
    <property name="java.specification.version" value="18"/>
    <property name="sun.cpu.isalist" value="amd64"/>
    <property name="sun.jnu.encoding" value="Cp1252"/>
    <property name="java.class.path" value="C:\Users\fabi1\Downloads\fabsdiscordbot\target\test-classes;C:\Users\fabi1\Downloads\fabsdiscordbot\target\classes;C:\Users\fabi1\.m2\repository\junit\junit\4.11\junit-4.11.jar;C:\Users\fabi1\.m2\repository\org\hamcrest\hamcrest-core\1.3\hamcrest-core-1.3.jar;C:\Users\fabi1\.m2\repository\org\javacord\javacord-api\3.8.0\javacord-api-3.8.0.jar;C:\Users\fabi1\.m2\repository\org\javacord\javacord-core\3.8.0\javacord-core-3.8.0.jar;C:\Users\fabi1\.m2\repository\com\squareup\okhttp3\okhttp\4.9.3\okhttp-4.9.3.jar;C:\Users\fabi1\.m2\repository\com\squareup\okio\okio\2.8.0\okio-2.8.0.jar;C:\Users\fabi1\.m2\repository\org\jetbrains\kotlin\kotlin-stdlib-common\1.4.0\kotlin-stdlib-common-1.4.0.jar;C:\Users\fabi1\.m2\repository\org\jetbrains\kotlin\kotlin-stdlib\1.4.10\kotlin-stdlib-1.4.10.jar;C:\Users\fabi1\.m2\repository\com\squareup\okhttp3\logging-interceptor\4.9.3\logging-interceptor-4.9.3.jar;C:\Users\fabi1\.m2\repository\org\jetbrains\kotlin\kotlin-stdlib-jdk8\1.4.10\kotlin-stdlib-jdk8-1.4.10.jar;C:\Users\fabi1\.m2\repository\org\jetbrains\kotlin\kotlin-stdlib-jdk7\1.4.10\kotlin-stdlib-jdk7-1.4.10.jar;C:\Users\fabi1\.m2\repository\com\fasterxml\jackson\core\jackson-databind\2.12.7.1\jackson-databind-2.12.7.1.jar;C:\Users\fabi1\.m2\repository\com\fasterxml\jackson\core\jackson-annotations\2.12.7\jackson-annotations-2.12.7.jar;C:\Users\fabi1\.m2\repository\com\fasterxml\jackson\core\jackson-core\2.12.7\jackson-core-2.12.7.jar;C:\Users\fabi1\.m2\repository\com\neovisionaries\nv-websocket-client\2.14\nv-websocket-client-2.14.jar;C:\Users\fabi1\.m2\repository\com\codahale\xsalsa20poly1305\0.11.0\xsalsa20poly1305-0.11.0.jar;C:\Users\fabi1\.m2\repository\org\bouncycastle\bcprov-jdk15on\1.60\bcprov-jdk15on-1.60.jar;C:\Users\fabi1\.m2\repository\org\apache\logging\log4j\log4j-api\2.17.2\log4j-api-2.17.2.jar;C:\Users\fabi1\.m2\repository\io\vavr\vavr\0.10.4\vavr-0.10.4.jar;C:\Users\fabi1\.m2\repository\io\vavr\vavr-match\0.10.4\vavr-match-0.10.4.jar;C:\Users\fabi1\.m2\repository\dev\mayuna\java-discord-oauth2-api\1.0.0\java-discord-oauth2-api-1.0.0.jar;C:\Users\fabi1\.m2\repository\dev\mayuna\simple-java-api-wrapper\2.2\simple-java-api-wrapper-2.2.jar;C:\Users\fabi1\.m2\repository\org\jetbrains\annotations\24.0.0\annotations-24.0.0.jar;C:\Users\fabi1\.m2\repository\com\google\code\gson\gson\2.10\gson-2.10.jar;C:\Users\fabi1\.m2\repository\javax\javaee-api\8.0.1\javaee-api-8.0.1.jar;C:\Users\fabi1\.m2\repository\com\sun\mail\javax.mail\1.6.2\javax.mail-1.6.2.jar;C:\Users\fabi1\.m2\repository\javax\activation\activation\1.1\activation-1.1.jar;"/>
    <property name="java.vm.vendor" value="Azul Systems, Inc."/>
    <property name="sun.arch.data.model" value="64"/>
    <property name="user.variant" value=""/>
    <property name="java.vendor.url" value="http://www.azul.com/"/>
    <property name="user.timezone" value="Europe/Berlin"/>
    <property name="user.country.format" value="DE"/>
    <property name="os.name" value="Windows 11"/>
    <property name="java.vm.specification.version" value="18"/>
    <property name="sun.java.launcher" value="SUN_STANDARD"/>
    <property name="user.country" value="US"/>
    <property name="sun.boot.library.path" value="C:\Program Files\Zulu\zulu-18\bin"/>
    <property name="sun.java.command" value="C:\Users\fabi1\AppData\Local\Temp\surefire6982278080919404422\surefirebooter-20240607074737998_3.jar C:\Users\fabi1\AppData\Local\Temp\surefire6982278080919404422 2024-06-07T07-47-37_882-jvmRun1 surefire-20240607074737998_1tmp surefire_0-20240607074737998_2tmp"/>
    <property name="jdk.debug" value="release"/>
    <property name="surefire.test.class.path" value="C:\Users\fabi1\Downloads\fabsdiscordbot\target\test-classes;C:\Users\fabi1\Downloads\fabsdiscordbot\target\classes;C:\Users\fabi1\.m2\repository\junit\junit\4.11\junit-4.11.jar;C:\Users\fabi1\.m2\repository\org\hamcrest\hamcrest-core\1.3\hamcrest-core-1.3.jar;C:\Users\fabi1\.m2\repository\org\javacord\javacord-api\3.8.0\javacord-api-3.8.0.jar;C:\Users\fabi1\.m2\repository\org\javacord\javacord-core\3.8.0\javacord-core-3.8.0.jar;C:\Users\fabi1\.m2\repository\com\squareup\okhttp3\okhttp\4.9.3\okhttp-4.9.3.jar;C:\Users\fabi1\.m2\repository\com\squareup\okio\okio\2.8.0\okio-2.8.0.jar;C:\Users\fabi1\.m2\repository\org\jetbrains\kotlin\kotlin-stdlib-common\1.4.0\kotlin-stdlib-common-1.4.0.jar;C:\Users\fabi1\.m2\repository\org\jetbrains\kotlin\kotlin-stdlib\1.4.10\kotlin-stdlib-1.4.10.jar;C:\Users\fabi1\.m2\repository\com\squareup\okhttp3\logging-interceptor\4.9.3\logging-interceptor-4.9.3.jar;C:\Users\fabi1\.m2\repository\org\jetbrains\kotlin\kotlin-stdlib-jdk8\1.4.10\kotlin-stdlib-jdk8-1.4.10.jar;C:\Users\fabi1\.m2\repository\org\jetbrains\kotlin\kotlin-stdlib-jdk7\1.4.10\kotlin-stdlib-jdk7-1.4.10.jar;C:\Users\fabi1\.m2\repository\com\fasterxml\jackson\core\jackson-databind\2.12.7.1\jackson-databind-2.12.7.1.jar;C:\Users\fabi1\.m2\repository\com\fasterxml\jackson\core\jackson-annotations\2.12.7\jackson-annotations-2.12.7.jar;C:\Users\fabi1\.m2\repository\com\fasterxml\jackson\core\jackson-core\2.12.7\jackson-core-2.12.7.jar;C:\Users\fabi1\.m2\repository\com\neovisionaries\nv-websocket-client\2.14\nv-websocket-client-2.14.jar;C:\Users\fabi1\.m2\repository\com\codahale\xsalsa20poly1305\0.11.0\xsalsa20poly1305-0.11.0.jar;C:\Users\fabi1\.m2\repository\org\bouncycastle\bcprov-jdk15on\1.60\bcprov-jdk15on-1.60.jar;C:\Users\fabi1\.m2\repository\org\apache\logging\log4j\log4j-api\2.17.2\log4j-api-2.17.2.jar;C:\Users\fabi1\.m2\repository\io\vavr\vavr\0.10.4\vavr-0.10.4.jar;C:\Users\fabi1\.m2\repository\io\vavr\vavr-match\0.10.4\vavr-match-0.10.4.jar;C:\Users\fabi1\.m2\repository\dev\mayuna\java-discord-oauth2-api\1.0.0\java-discord-oauth2-api-1.0.0.jar;C:\Users\fabi1\.m2\repository\dev\mayuna\simple-java-api-wrapper\2.2\simple-java-api-wrapper-2.2.jar;C:\Users\fabi1\.m2\repository\org\jetbrains\annotations\24.0.0\annotations-24.0.0.jar;C:\Users\fabi1\.m2\repository\com\google\code\gson\gson\2.10\gson-2.10.jar;C:\Users\fabi1\.m2\repository\javax\javaee-api\8.0.1\javaee-api-8.0.1.jar;C:\Users\fabi1\.m2\repository\com\sun\mail\javax.mail\1.6.2\javax.mail-1.6.2.jar;C:\Users\fabi1\.m2\repository\javax\activation\activation\1.1\activation-1.1.jar;"/>
    <property name="sun.cpu.endian" value="little"/>
    <property name="user.home" value="C:\Users\fabi1"/>
    <property name="user.language" value="en"/>
    <property name="java.specification.vendor" value="Oracle Corporation"/>
    <property name="java.version.date" value="2022-08-18"/>
    <property name="java.home" value="C:\Program Files\Zulu\zulu-18"/>
    <property name="file.separator" value="\"/>
    <property name="basedir" value="C:\Users\fabi1\Downloads\fabsdiscordbot"/>
    <property name="java.vm.compressedOopsMode" value="Zero based"/>
    <property name="line.separator" value="&#10;"/>
    <property name="java.vm.specification.vendor" value="Oracle Corporation"/>
    <property name="java.specification.name" value="Java Platform API Specification"/>
    <property name="surefire.real.class.path" value="C:\Users\fabi1\AppData\Local\Temp\surefire6982278080919404422\surefirebooter-20240607074737998_3.jar"/>
    <property name="user.script" value=""/>
    <property name="sun.management.compiler" value="HotSpot 64-Bit Tiered Compilers"/>
    <property name="java.runtime.version" value="18.0.2.1+1"/>
    <property name="user.name" value="fabi1"/>
    <property name="path.separator" value=";"/>
    <property name="os.version" value="10.0"/>
    <property name="java.runtime.name" value="OpenJDK Runtime Environment"/>
    <property name="file.encoding" value="UTF-8"/>
    <property name="java.vm.name" value="OpenJDK 64-Bit Server VM"/>
    <property name="java.vendor.version" value="Zulu18.32+13-CA"/>
    <property name="localRepository" value="C:\Users\fabi1\.m2\repository"/>
    <property name="java.vendor.url.bug" value="http://www.azul.com/support/"/>
    <property name="java.io.tmpdir" value="C:\Users\fabi1\AppData\Local\Temp\"/>
    <property name="java.version" value="18.0.2.1"/>
    <property name="user.dir" value="C:\Users\fabi1\Downloads\fabsdiscordbot"/>
    <property name="os.arch" value="amd64"/>
    <property name="java.vm.specification.name" value="Java Virtual Machine Specification"/>
    <property name="sun.os.patch.level" value=""/>
    <property name="native.encoding" value="Cp1252"/>
    <property name="java.library.path" value="C:\Program Files\Zulu\zulu-18\bin;C:\WINDOWS\Sun\Java\bin;C:\WINDOWS\system32;C:\WINDOWS;C:\Program Files\Zulu\zulu-18\bin\;C:\Program Files\Eclipse Adoptium\jdk-11.0.23.9-hotspot\bin;C:\Program Files\Amazon Corretto\jdk17.0.11_9\bin;C:\Program Files\Amazon Corretto\jdk11.0.23_9\bin;C:\Program Files\Python3\Scripts\;C:\Program Files\Python3\;C:\Program Files\Amazon Corretto\jdk17.0.4_9\bin;C:\Program Files\Amazon Corretto\jdk11.0.16_9\bin;C:\Program Files\Amazon Corretto\jdk17.0.4_8\bin;C:\Program Files\Amazon Corretto\jdk11.0.14_9\bin;C:\Windows\system32;C:\Windows;C:\Windows\System32\Wbem;C:\Windows\System32\WindowsPowerShell\v1.0\;C:\Windows\System32\OpenSSH\;C:\Program Files\dotnet\;C:\Program Files (x86)\NVIDIA Corporation\PhysX\Common;d:\iracing\d3dgear;C:\Program Files\NVIDIA Corporation\NVIDIA NvDLISR;C:\WINDOWS\system32;C:\WINDOWS;C:\WINDOWS\System32\Wbem;C:\WINDOWS\System32\WindowsPowerShell\v1.0\;C:\WINDOWS\System32\OpenSSH\;C:\Program Files\TortoiseSVN\bin;C:\Program Files\Git\cmd;C:\JupyterLab;C:\Program Files\Docker\Docker\resources\bin;C:\Program Files\Maven\bin;C:\Users\fabi1\AppData\Local\Programs\Python\Python310\Scripts\;C:\Users\fabi1\AppData\Local\Programs\Python\Python310\;C:\Users\fabi1\AppData\Local\Programs\Python\Launcher\;C:\Users\fabi1\AppData\Local\Programs\Python\Python311\Scripts\;C:\Users\fabi1\AppData\Local\Programs\Python\Python311\;C:\Users\fabi1\AppData\Local\Microsoft\WindowsApps;C:\Program Files\youtube-dl;C:\Program Files\youtube-dl\ffmpeg-2023-01-01-git-62da0b4a74-full_build\bin;C:\Users\fabi1\AppData\Local\Programs\Microsoft VS Code\bin;."/>
    <property name="java.vm.info" value="mixed mode, sharing"/>
    <property name="java.vendor" value="Azul Systems, Inc."/>
    <property name="java.vm.version" value="18.0.2.1+1"/>
    <property name="sun.io.unicode.encoding" value="UnicodeLittle"/>
    <property name="java.class.version" value="62.0"/>
  </properties>
  <testcase name="shouldAnswerWithTrue" classname="com.fabian.AppTest" time="0.001"/>
</testsuite>